TN:
SF:src/db/db.module.ts
FNF:0
FNH:0
DA:1,0
DA:2,0
DA:3,0
DA:4,0
DA:5,0
DA:6,0
DA:21,0
LF:7
LH:0
BRF:0
BRH:0
end_of_record
TN:
SF:src/db/db.service.ts
FN:9,(anonymous_4)
FNF:1
FNH:1
FNDA:1,(anonymous_4)
DA:1,3
DA:2,3
DA:3,3
DA:4,3
DA:5,3
DA:8,3
DA:11,1
DA:14,1
LF:8
LH:8
BRF:0
BRH:0
end_of_record
TN:
SF:src/events/event.entity.ts
FN:4,(anonymous_2)
FN:27,(anonymous_3)
FN:27,(anonymous_4)
FNF:3
FNH:1
FNDA:3,(anonymous_2)
FNDA:0,(anonymous_3)
FNDA:0,(anonymous_4)
DA:1,3
DA:2,3
DA:4,3
DA:5,3
DA:6,3
DA:10,3
DA:12,3
DA:18,3
DA:22,3
DA:25,3
DA:27,0
DA:29,3
LF:12
LH:11
BRDA:4,0,0,3
BRDA:4,0,1,3
BRF:2
BRH:2
end_of_record
TN:
SF:src/events/events.controller.ts
FN:11,(anonymous_4)
FN:15,(anonymous_5)
FN:20,(anonymous_6)
FNF:3
FNH:1
FNDA:3,(anonymous_4)
FNDA:0,(anonymous_5)
FNDA:0,(anonymous_6)
DA:1,1
DA:2,1
DA:4,1
DA:5,1
DA:6,1
DA:7,1
DA:10,1
DA:11,3
DA:15,1
DA:16,0
DA:20,1
DA:21,0
LF:12
LH:10
BRF:0
BRH:0
end_of_record
TN:
SF:src/events/events.module.ts
FNF:0
FNH:0
DA:1,0
DA:2,0
DA:3,0
DA:4,0
DA:12,0
LF:5
LH:0
BRF:0
BRH:0
end_of_record
TN:
SF:src/events/events.service.ts
FN:9,(anonymous_2)
FN:13,(anonymous_3)
FN:20,(anonymous_4)
FN:32,(anonymous_5)
FNF:4
FNH:3
FNDA:3,(anonymous_2)
FNDA:2,(anonymous_3)
FNDA:2,(anonymous_4)
FNDA:0,(anonymous_5)
DA:1,1
DA:3,1
DA:4,1
DA:5,1
DA:8,1
DA:10,3
DA:14,2
DA:15,2
DA:16,2
DA:17,1
DA:20,1
DA:21,2
DA:22,2
DA:23,2
DA:24,2
DA:25,2
DA:26,2
DA:29,1
DA:33,0
LF:19
LH:18
BRDA:16,0,0,1
BRDA:16,0,1,1
BRF:2
BRH:2
end_of_record
TN:
SF:src/events/dto/create-event.dto.ts
FNF:0
FNH:0
DA:12,1
LF:1
LH:1
BRF:0
BRH:0
end_of_record
TN:
SF:src/events/validation/create-event.schema.ts
FNF:0
FNH:0
DA:1,1
DA:3,1
DA:7,1
DA:12,1
LF:4
LH:4
BRF:0
BRH:0
end_of_record
TN:
SF:src/exceptions/unprocessable.exception.ts
FN:4,(anonymous_0)
FNF:1
FNH:1
FNDA:2,(anonymous_0)
DA:1,2
DA:3,2
DA:5,2
LF:3
LH:3
BRF:0
BRH:0
end_of_record
TN:
SF:src/users/user.entity.ts
FN:12,(anonymous_2)
FN:12,(anonymous_3)
FNF:2
FNH:0
FNDA:0,(anonymous_2)
FNDA:0,(anonymous_3)
DA:1,3
DA:2,3
DA:5,3
DA:7,3
DA:10,3
DA:12,0
DA:13,3
LF:7
LH:6
BRF:0
BRH:0
end_of_record
TN:
SF:src/users/users.controller.ts
FN:12,(anonymous_4)
FN:16,(anonymous_5)
FN:21,(anonymous_6)
FN:26,(anonymous_7)
FN:31,(anonymous_8)
FNF:5
FNH:1
FNDA:4,(anonymous_4)
FNDA:0,(anonymous_5)
FNDA:0,(anonymous_6)
FNDA:0,(anonymous_7)
FNDA:0,(anonymous_8)
DA:1,1
DA:2,1
DA:3,1
DA:4,1
DA:7,1
DA:8,1
DA:11,1
DA:12,4
DA:16,1
DA:17,0
DA:21,1
DA:22,0
DA:26,1
DA:27,0
DA:31,1
DA:32,0
LF:16
LH:12
BRF:0
BRH:0
end_of_record
TN:
SF:src/users/users.module.ts
FNF:0
FNH:0
DA:1,0
DA:4,0
DA:5,0
DA:6,0
DA:13,0
LF:5
LH:0
BRF:0
BRH:0
end_of_record
TN:
SF:src/users/users.service.ts
FN:12,(anonymous_2)
FN:16,(anonymous_3)
FN:32,(anonymous_4)
FN:37,(anonymous_5)
FN:50,(anonymous_6)
FN:52,(anonymous_7)
FN:55,(anonymous_8)
FN:65,(anonymous_9)
FN:69,(anonymous_10)
FNF:9
FNH:3
FNDA:4,(anonymous_2)
FNDA:2,(anonymous_3)
FNDA:0,(anonymous_4)
FNDA:0,(anonymous_5)
FNDA:0,(anonymous_6)
FNDA:0,(anonymous_7)
FNDA:0,(anonymous_8)
FNDA:0,(anonymous_9)
FNDA:1,(anonymous_10)
DA:1,1
DA:2,1
DA:6,1
DA:7,1
DA:8,1
DA:11,1
DA:13,4
DA:17,2
DA:18,2
DA:19,1
DA:22,1
DA:23,1
DA:24,1
DA:26,1
DA:33,0
DA:38,0
DA:47,0
DA:51,0
DA:52,0
DA:53,0
DA:55,0
DA:56,0
DA:57,0
DA:66,0
DA:70,1
DA:71,1
DA:72,1
DA:75,0
LF:28
LH:17
BRDA:18,0,0,1
BRDA:18,0,1,1
BRDA:71,1,0,1
BRDA:71,1,1,0
BRF:4
BRH:3
end_of_record
TN:
SF:src/users/dto/create-user.dto.ts
FNF:0
FNH:0
DA:1,1
LF:1
LH:1
BRF:0
BRH:0
end_of_record
TN:
SF:src/users/validation/create-user.schema.ts
FNF:0
FNH:0
DA:1,1
DA:3,1
LF:2
LH:2
BRF:0
BRH:0
end_of_record
TN:
SF:src/validation/joi.ts
FN:10,(anonymous_2)
FN:13,(anonymous_3)
FNF:2
FNH:1
FNDA:2,(anonymous_2)
FNDA:0,(anonymous_3)
DA:1,2
DA:9,2
DA:10,2
DA:14,0
DA:15,0
DA:16,0
DA:18,0
LF:7
LH:3
BRDA:10,0,0,0
BRDA:15,1,0,0
BRDA:15,1,1,0
BRF:3
BRH:0
end_of_record
